[debug] [2023-07-06T19:38:48.507Z] ----------------------------------------------------------------------
[debug] [2023-07-06T19:38:48.508Z] Command:       /usr/local/bin/node /usr/local/bin/firebase init
[debug] [2023-07-06T19:38:48.508Z] CLI Version:   12.4.2
[debug] [2023-07-06T19:38:48.509Z] Platform:      darwin
[debug] [2023-07-06T19:38:48.509Z] Node Version:  v18.14.0
[debug] [2023-07-06T19:38:48.512Z] Time:          Fri Jul 07 2023 01:08:48 GMT+0530 (India Standard Time)
[debug] [2023-07-06T19:38:48.512Z] ----------------------------------------------------------------------
[debug] 
[debug] [2023-07-06T19:38:48.515Z] > command requires scopes: ["email","openid","https://www.googleapis.com/auth/cloudplatformprojects.readonly","https://www.googleapis.com/auth/firebase","https://www.googleapis.com/auth/cloud-platform"]
[debug] [2023-07-06T19:38:48.516Z] > authorizing via signed-in user (himanshuomar1341@gmail.com)
[info] 
     ######## #### ########  ######## ########     ###     ######  ########
     ##        ##  ##     ## ##       ##     ##  ##   ##  ##       ##
     ######    ##  ########  ######   ########  #########  ######  ######
     ##        ##  ##    ##  ##       ##     ## ##     ##       ## ##
     ##       #### ##     ## ######## ########  ##     ##  ######  ########

You're about to initialize a Firebase project in this directory:

  /Users/himanshuomar/Desktop/universe

[info] 
=== Project Setup
[info] 
[info] First, let's associate this project directory with a Firebase project.
[info] You can create multiple project aliases by running firebase use --add, 
[info] but for now we'll just set up a default project.
[info] 
[debug] [2023-07-06T19:40:34.881Z] >>> [apiv2][query] GET https://firebase.googleapis.com/v1beta1/projects pageSize=100
[debug] [2023-07-06T19:40:36.647Z] <<< [apiv2][status] GET https://firebase.googleapis.com/v1beta1/projects 200
[debug] [2023-07-06T19:40:36.647Z] <<< [apiv2][body] GET https://firebase.googleapis.com/v1beta1/projects [omitted]
[info] i  Using project universe-25671 (universe) 
[info] 
=== Hosting Setup
[info] 
[info] Your public directory is the folder (relative to your project directory) that
[info] will contain Hosting assets to be uploaded with firebase deploy. If you
[info] have a build process for your assets, use your build's output directory.
[info] 
[info] ✔  Wrote public/404.html 
[debug] [2023-07-06T19:50:21.899Z] >>> [apiv2][query] GET https://www.gstatic.com/firebasejs/releases.json [none]
[debug] [2023-07-06T19:50:22.209Z] <<< [apiv2][status] GET https://www.gstatic.com/firebasejs/releases.json 200
[debug] [2023-07-06T19:50:22.209Z] <<< [apiv2][body] GET https://www.gstatic.com/firebasejs/releases.json {"current":{"version":"9.23.0","browserURL":"https://www.gstatic.com/firebasejs/9.23.0/firebase.js","packageURL":"https://www.gstatic.com/firebasejs/9.23.0/firebase.tgz"},"live":{"version":"9.23","browserURL":"https://www.gstatic.com/firebasejs/live/9.23/firebase.js","packageURL":"https://www.gstatic.com/firebasejs/live/9.23/firebase.tgz"},"components":{"analytics":"https://www.gstatic.com/firebasejs/9.23.0/firebase-analytics.js","app":"https://www.gstatic.com/firebasejs/9.23.0/firebase-app.js","app-check":"https://www.gstatic.com/firebasejs/9.23.0/firebase-app-check.js","auth":"https://www.gstatic.com/firebasejs/9.23.0/firebase-auth.js","auth/cordova":"https://www.gstatic.com/firebasejs/9.23.0/firebase-auth/cordova.js","auth/react-native":"https://www.gstatic.com/firebasejs/9.23.0/firebase-auth/react-native.js","functions":"https://www.gstatic.com/firebasejs/9.23.0/firebase-functions.js","firestore":"https://www.gstatic.com/firebasejs/9.23.0/firebase-firestore.js","firestore/lite":"https://www.gstatic.com/firebasejs/9.23.0/firebase-firestore/lite.js","installations":"https://www.gstatic.com/firebasejs/9.23.0/firebase-installations.js","storage":"https://www.gstatic.com/firebasejs/9.23.0/firebase-storage.js","performance":"https://www.gstatic.com/firebasejs/9.23.0/firebase-performance.js","remote-config":"https://www.gstatic.com/firebasejs/9.23.0/firebase-remote-config.js","messaging":"https://www.gstatic.com/firebasejs/9.23.0/firebase-messaging.js","messaging/sw":"https://www.gstatic.com/firebasejs/9.23.0/firebase-messaging/sw.js","database":"https://www.gstatic.com/firebasejs/9.23.0/firebase-database.js","firestore.memory":"https://www.gstatic.com/firebasejs/9.23.0/firebase-firestore.memory.js"}}
[info] i  Skipping write of public/index.html 
[info] 
[info] i  Detected a .git folder at /Users/himanshuomar/Desktop/universe 
[info] i  Authorizing with GitHub to upload your service account to a GitHub repository's secrets store. 
[info] 
[info] Visit this URL on this device to log in:
[info] https://github.com/login/oauth/authorize?client_id=89cf50f02ac6aaed3484&state=439504898&redirect_uri=http%3A%2F%2Flocalhost%3A9005&scope=read%3Auser%20repo%20public_repo
[info] 
[info] Waiting for authentication...
[debug] [2023-07-06T19:51:14.218Z] >>> [apiv2][query] POST https://github.com/login/oauth/access_token [none]
[debug] [2023-07-06T19:51:14.218Z] >>> [apiv2][body] POST https://github.com/login/oauth/access_token [stream]
[debug] [2023-07-06T19:51:14.855Z] <<< [apiv2][status] POST https://github.com/login/oauth/access_token 200
[debug] [2023-07-06T19:51:14.855Z] <<< [apiv2][body] POST https://github.com/login/oauth/access_token {"access_token":"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","token_type":"bearer","scope":"read:user,repo"}
[debug] [2023-07-06T19:51:14.861Z] >>> [apiv2][query] GET https://api.github.com/user [none]
[debug] [2023-07-06T19:51:16.672Z] <<< [apiv2][status] GET https://api.github.com/user 200
[debug] [2023-07-06T19:51:16.672Z] <<< [apiv2][body] GET https://api.github.com/user {"login":"CaptainStark08","id":138820791,"node_id":"U_kgDOCEY8tw","avatar_url":"https://avatars.githubusercontent.com/u/138820791?v=4","gravatar_id":"","url":"https://api.github.com/users/CaptainStark08","html_url":"https://github.com/CaptainStark08","followers_url":"https://api.github.com/users/CaptainStark08/followers","following_url":"https://api.github.com/users/CaptainStark08/following{/other_user}","gists_url":"https://api.github.com/users/CaptainStark08/gists{/gist_id}","starred_url":"https://api.github.com/users/CaptainStark08/starred{/owner}{/repo}","subscriptions_url":"https://api.github.com/users/CaptainStark08/subscriptions","organizations_url":"https://api.github.com/users/CaptainStark08/orgs","repos_url":"https://api.github.com/users/CaptainStark08/repos","events_url":"https://api.github.com/users/CaptainStark08/events{/privacy}","received_events_url":"https://api.github.com/users/CaptainStark08/received_events","type":"User","site_admin":false,"name":null,"company":null,"blog":"","location":null,"email":null,"hireable":null,"bio":null,"twitter_username":null,"public_repos":0,"public_gists":0,"followers":0,"following":0,"created_at":"2023-07-06T19:49:12Z","updated_at":"2023-07-06T19:49:12Z","private_gists":0,"total_private_repos":0,"owned_private_repos":0,"disk_usage":0,"collaborators":0,"two_factor_authentication":false,"plan":{"name":"free","space":976562499,"collaborators":0,"private_repos":10000}}
[info] 
[info] ✔  Success! Logged into GitHub as CaptainStark08 
[info] 
